2025-12-30 21:07:21,784 [Worker-5: Loading available Gradle versions] INFO  o.e.b.c.i.u.g.PublishedGradleVersions - Gradle version information cache is up-to-date. Trying to read.
2025-12-30 21:11:36,297 [Worker-38: Launching mavenrun-be7d08f5-7f25-4f2c-8e99-5e56e5db4180] INFO  o.eclipse.m2e.core.internal.Bundles - getClasspathEntries(Bundle=org.eclipse.m2e.maven.runtime_3.9.900.20240824-1409 [642])
2025-12-30 21:11:36,303 [Worker-38: Launching mavenrun-be7d08f5-7f25-4f2c-8e99-5e56e5db4180] INFO  o.eclipse.m2e.core.internal.Bundles - 	Entry: C:\Users\abdur\.p2\pool\plugins\org.eclipse.m2e.maven.runtime_3.9.900.20240824-1409
2025-12-30 21:11:36,303 [Worker-38: Launching mavenrun-be7d08f5-7f25-4f2c-8e99-5e56e5db4180] INFO  o.eclipse.m2e.core.internal.Bundles - 	Entry: C:\Users\abdur\.p2\pool\plugins\org.eclipse.m2e.maven.runtime_3.9.900.20240824-1409\jars\aopalliance-1.0.jar
2025-12-30 21:11:36,304 [Worker-38: Launching mavenrun-be7d08f5-7f25-4f2c-8e99-5e56e5db4180] INFO  o.eclipse.m2e.core.internal.Bundles - 	Entry: C:\Users\abdur\.p2\pool\plugins\org.eclipse.m2e.maven.runtime_3.9.900.20240824-1409\jars\guice-5.1.0.jar
2025-12-30 21:11:36,304 [Worker-38: Launching mavenrun-be7d08f5-7f25-4f2c-8e99-5e56e5db4180] INFO  o.eclipse.m2e.core.internal.Bundles - 	Entry: C:\Users\abdur\.p2\pool\plugins\org.eclipse.m2e.maven.runtime_3.9.900.20240824-1409\jars\httpclient-4.5.14.jar
2025-12-30 21:11:36,304 [Worker-38: Launching mavenrun-be7d08f5-7f25-4f2c-8e99-5e56e5db4180] INFO  o.eclipse.m2e.core.internal.Bundles - 	Entry: C:\Users\abdur\.p2\pool\plugins\org.eclipse.m2e.maven.runtime_3.9.900.20240824-1409\jars\httpcore-4.4.16.jar
2025-12-30 21:11:36,304 [Worker-38: Launching mavenrun-be7d08f5-7f25-4f2c-8e99-5e56e5db4180] INFO  o.eclipse.m2e.core.internal.Bundles - 	Entry: C:\Users\abdur\.p2\pool\plugins\org.eclipse.m2e.maven.runtime_3.9.900.20240824-1409\jars\jansi-2.4.1.jar
2025-12-30 21:11:36,304 [Worker-38: Launching mavenrun-be7d08f5-7f25-4f2c-8e99-5e56e5db4180] INFO  o.eclipse.m2e.core.internal.Bundles - 	Entry: C:\Users\abdur\.p2\pool\plugins\org.eclipse.m2e.maven.runtime_3.9.900.20240824-1409\jars\jcl-over-slf4j-1.7.36.jar
2025-12-30 21:11:36,305 [Worker-38: Launching mavenrun-be7d08f5-7f25-4f2c-8e99-5e56e5db4180] INFO  o.eclipse.m2e.core.internal.Bundles - 	Entry: C:\Users\abdur\.p2\pool\plugins\org.eclipse.m2e.maven.runtime_3.9.900.20240824-1409\jars\maven-artifact-3.9.9.jar
2025-12-30 21:11:36,305 [Worker-38: Launching mavenrun-be7d08f5-7f25-4f2c-8e99-5e56e5db4180] INFO  o.eclipse.m2e.core.internal.Bundles - 	Entry: C:\Users\abdur\.p2\pool\plugins\org.eclipse.m2e.maven.runtime_3.9.900.20240824-1409\jars\maven-builder-support-3.9.9.jar
2025-12-30 21:11:36,305 [Worker-38: Launching mavenrun-be7d08f5-7f25-4f2c-8e99-5e56e5db4180] INFO  o.eclipse.m2e.core.internal.Bundles - 	Entry: C:\Users\abdur\.p2\pool\plugins\org.eclipse.m2e.maven.runtime_3.9.900.20240824-1409\jars\maven-compat-3.9.9.jar
2025-12-30 21:11:36,305 [Worker-38: Launching mavenrun-be7d08f5-7f25-4f2c-8e99-5e56e5db4180] INFO  o.eclipse.m2e.core.internal.Bundles - 	Entry: C:\Users\abdur\.p2\pool\plugins\org.eclipse.m2e.maven.runtime_3.9.900.20240824-1409\jars\maven-core-3.9.9.jar
2025-12-30 21:11:36,305 [Worker-38: Launching mavenrun-be7d08f5-7f25-4f2c-8e99-5e56e5db4180] INFO  o.eclipse.m2e.core.internal.Bundles - 	Entry: C:\Users\abdur\.p2\pool\plugins\org.eclipse.m2e.maven.runtime_3.9.900.20240824-1409\jars\maven-embedder-3.9.9.jar
2025-12-30 21:11:36,306 [Worker-38: Launching mavenrun-be7d08f5-7f25-4f2c-8e99-5e56e5db4180] INFO  o.eclipse.m2e.core.internal.Bundles - 	Entry: C:\Users\abdur\.p2\pool\plugins\org.eclipse.m2e.maven.runtime_3.9.900.20240824-1409\jars\maven-model-3.9.9.jar
2025-12-30 21:11:36,306 [Worker-38: Launching mavenrun-be7d08f5-7f25-4f2c-8e99-5e56e5db4180] INFO  o.eclipse.m2e.core.internal.Bundles - 	Entry: C:\Users\abdur\.p2\pool\plugins\org.eclipse.m2e.maven.runtime_3.9.900.20240824-1409\jars\maven-model-builder-3.9.9.jar
2025-12-30 21:11:36,306 [Worker-38: Launching mavenrun-be7d08f5-7f25-4f2c-8e99-5e56e5db4180] INFO  o.eclipse.m2e.core.internal.Bundles - 	Entry: C:\Users\abdur\.p2\pool\plugins\org.eclipse.m2e.maven.runtime_3.9.900.20240824-1409\jars\maven-plugin-api-3.9.9.jar
2025-12-30 21:11:36,306 [Worker-38: Launching mavenrun-be7d08f5-7f25-4f2c-8e99-5e56e5db4180] INFO  o.eclipse.m2e.core.internal.Bundles - 	Entry: C:\Users\abdur\.p2\pool\plugins\org.eclipse.m2e.maven.runtime_3.9.900.20240824-1409\jars\maven-repository-metadata-3.9.9.jar
2025-12-30 21:11:36,306 [Worker-38: Launching mavenrun-be7d08f5-7f25-4f2c-8e99-5e56e5db4180] INFO  o.eclipse.m2e.core.internal.Bundles - 	Entry: C:\Users\abdur\.p2\pool\plugins\org.eclipse.m2e.maven.runtime_3.9.900.20240824-1409\jars\maven-resolver-api-1.9.22.jar
2025-12-30 21:11:36,306 [Worker-38: Launching mavenrun-be7d08f5-7f25-4f2c-8e99-5e56e5db4180] INFO  o.eclipse.m2e.core.internal.Bundles - 	Entry: C:\Users\abdur\.p2\pool\plugins\org.eclipse.m2e.maven.runtime_3.9.900.20240824-1409\jars\maven-resolver-connector-basic-1.9.22.jar
2025-12-30 21:11:36,306 [Worker-38: Launching mavenrun-be7d08f5-7f25-4f2c-8e99-5e56e5db4180] INFO  o.eclipse.m2e.core.internal.Bundles - 	Entry: C:\Users\abdur\.p2\pool\plugins\org.eclipse.m2e.maven.runtime_3.9.900.20240824-1409\jars\maven-resolver-impl-1.9.22.jar
2025-12-30 21:11:36,306 [Worker-38: Launching mavenrun-be7d08f5-7f25-4f2c-8e99-5e56e5db4180] INFO  o.eclipse.m2e.core.internal.Bundles - 	Entry: C:\Users\abdur\.p2\pool\plugins\org.eclipse.m2e.maven.runtime_3.9.900.20240824-1409\jars\maven-resolver-named-locks-1.9.22.jar
2025-12-30 21:11:36,307 [Worker-38: Launching mavenrun-be7d08f5-7f25-4f2c-8e99-5e56e5db4180] INFO  o.eclipse.m2e.core.internal.Bundles - 	Entry: C:\Users\abdur\.p2\pool\plugins\org.eclipse.m2e.maven.runtime_3.9.900.20240824-1409\jars\maven-resolver-provider-3.9.9.jar
2025-12-30 21:11:36,307 [Worker-38: Launching mavenrun-be7d08f5-7f25-4f2c-8e99-5e56e5db4180] INFO  o.eclipse.m2e.core.internal.Bundles - 	Entry: C:\Users\abdur\.p2\pool\plugins\org.eclipse.m2e.maven.runtime_3.9.900.20240824-1409\jars\maven-resolver-spi-1.9.22.jar
2025-12-30 21:11:36,307 [Worker-38: Launching mavenrun-be7d08f5-7f25-4f2c-8e99-5e56e5db4180] INFO  o.eclipse.m2e.core.internal.Bundles - 	Entry: C:\Users\abdur\.p2\pool\plugins\org.eclipse.m2e.maven.runtime_3.9.900.20240824-1409\jars\maven-resolver-transport-file-1.9.22.jar
2025-12-30 21:11:36,307 [Worker-38: Launching mavenrun-be7d08f5-7f25-4f2c-8e99-5e56e5db4180] INFO  o.eclipse.m2e.core.internal.Bundles - 	Entry: C:\Users\abdur\.p2\pool\plugins\org.eclipse.m2e.maven.runtime_3.9.900.20240824-1409\jars\maven-resolver-transport-http-1.9.22.jar
2025-12-30 21:11:36,307 [Worker-38: Launching mavenrun-be7d08f5-7f25-4f2c-8e99-5e56e5db4180] INFO  o.eclipse.m2e.core.internal.Bundles - 	Entry: C:\Users\abdur\.p2\pool\plugins\org.eclipse.m2e.maven.runtime_3.9.900.20240824-1409\jars\maven-resolver-transport-wagon-1.9.22.jar
2025-12-30 21:11:36,307 [Worker-38: Launching mavenrun-be7d08f5-7f25-4f2c-8e99-5e56e5db4180] INFO  o.eclipse.m2e.core.internal.Bundles - 	Entry: C:\Users\abdur\.p2\pool\plugins\org.eclipse.m2e.maven.runtime_3.9.900.20240824-1409\jars\maven-resolver-util-1.9.22.jar
2025-12-30 21:11:36,307 [Worker-38: Launching mavenrun-be7d08f5-7f25-4f2c-8e99-5e56e5db4180] INFO  o.eclipse.m2e.core.internal.Bundles - 	Entry: C:\Users\abdur\.p2\pool\plugins\org.eclipse.m2e.maven.runtime_3.9.900.20240824-1409\jars\maven-settings-3.9.9.jar
2025-12-30 21:11:36,307 [Worker-38: Launching mavenrun-be7d08f5-7f25-4f2c-8e99-5e56e5db4180] INFO  o.eclipse.m2e.core.internal.Bundles - 	Entry: C:\Users\abdur\.p2\pool\plugins\org.eclipse.m2e.maven.runtime_3.9.900.20240824-1409\jars\maven-settings-builder-3.9.9.jar
2025-12-30 21:11:36,308 [Worker-38: Launching mavenrun-be7d08f5-7f25-4f2c-8e99-5e56e5db4180] INFO  o.eclipse.m2e.core.internal.Bundles - 	Entry: C:\Users\abdur\.p2\pool\plugins\org.eclipse.m2e.maven.runtime_3.9.900.20240824-1409\jars\maven-shared-utils-3.4.2.jar
2025-12-30 21:11:36,308 [Worker-38: Launching mavenrun-be7d08f5-7f25-4f2c-8e99-5e56e5db4180] INFO  o.eclipse.m2e.core.internal.Bundles - 	Entry: C:\Users\abdur\.p2\pool\plugins\org.eclipse.m2e.maven.runtime_3.9.900.20240824-1409\jars\org.eclipse.sisu.inject-0.9.0.M3.jar
2025-12-30 21:11:36,308 [Worker-38: Launching mavenrun-be7d08f5-7f25-4f2c-8e99-5e56e5db4180] INFO  o.eclipse.m2e.core.internal.Bundles - 	Entry: C:\Users\abdur\.p2\pool\plugins\org.eclipse.m2e.maven.runtime_3.9.900.20240824-1409\jars\org.eclipse.sisu.plexus-0.9.0.M3.jar
2025-12-30 21:11:36,308 [Worker-38: Launching mavenrun-be7d08f5-7f25-4f2c-8e99-5e56e5db4180] INFO  o.eclipse.m2e.core.internal.Bundles - 	Entry: C:\Users\abdur\.p2\pool\plugins\org.eclipse.m2e.maven.runtime_3.9.900.20240824-1409\jars\plexus-build-api-0.0.7.jar
2025-12-30 21:11:36,308 [Worker-38: Launching mavenrun-be7d08f5-7f25-4f2c-8e99-5e56e5db4180] INFO  o.eclipse.m2e.core.internal.Bundles - 	Entry: C:\Users\abdur\.p2\pool\plugins\org.eclipse.m2e.maven.runtime_3.9.900.20240824-1409\jars\plexus-build-api-1.2.0.jar
2025-12-30 21:11:36,308 [Worker-38: Launching mavenrun-be7d08f5-7f25-4f2c-8e99-5e56e5db4180] INFO  o.eclipse.m2e.core.internal.Bundles - 	Entry: C:\Users\abdur\.p2\pool\plugins\org.eclipse.m2e.maven.runtime_3.9.900.20240824-1409\jars\plexus-cipher-2.0.jar
2025-12-30 21:11:36,308 [Worker-38: Launching mavenrun-be7d08f5-7f25-4f2c-8e99-5e56e5db4180] INFO  o.eclipse.m2e.core.internal.Bundles - 	Entry: C:\Users\abdur\.p2\pool\plugins\org.eclipse.m2e.maven.runtime_3.9.900.20240824-1409\jars\plexus-classworlds-2.8.0.jar
2025-12-30 21:11:36,308 [Worker-38: Launching mavenrun-be7d08f5-7f25-4f2c-8e99-5e56e5db4180] INFO  o.eclipse.m2e.core.internal.Bundles - 	Entry: C:\Users\abdur\.p2\pool\plugins\org.eclipse.m2e.maven.runtime_3.9.900.20240824-1409\jars\plexus-component-annotations-2.1.0.jar
2025-12-30 21:11:36,309 [Worker-38: Launching mavenrun-be7d08f5-7f25-4f2c-8e99-5e56e5db4180] INFO  o.eclipse.m2e.core.internal.Bundles - 	Entry: C:\Users\abdur\.p2\pool\plugins\org.eclipse.m2e.maven.runtime_3.9.900.20240824-1409\jars\plexus-interpolation-1.27.jar
2025-12-30 21:11:36,309 [Worker-38: Launching mavenrun-be7d08f5-7f25-4f2c-8e99-5e56e5db4180] INFO  o.eclipse.m2e.core.internal.Bundles - 	Entry: C:\Users\abdur\.p2\pool\plugins\org.eclipse.m2e.maven.runtime_3.9.900.20240824-1409\jars\plexus-sec-dispatcher-2.0.jar
2025-12-30 21:11:36,309 [Worker-38: Launching mavenrun-be7d08f5-7f25-4f2c-8e99-5e56e5db4180] INFO  o.eclipse.m2e.core.internal.Bundles - 	Entry: C:\Users\abdur\.p2\pool\plugins\org.eclipse.m2e.maven.runtime_3.9.900.20240824-1409\jars\plexus-utils-3.5.1.jar
2025-12-30 21:11:36,309 [Worker-38: Launching mavenrun-be7d08f5-7f25-4f2c-8e99-5e56e5db4180] INFO  o.eclipse.m2e.core.internal.Bundles - 	Entry: C:\Users\abdur\.p2\pool\plugins\org.eclipse.m2e.maven.runtime_3.9.900.20240824-1409\jars\plexus-xml-3.0.1.jar
2025-12-30 21:11:36,309 [Worker-38: Launching mavenrun-be7d08f5-7f25-4f2c-8e99-5e56e5db4180] INFO  o.eclipse.m2e.core.internal.Bundles - 	Entry: C:\Users\abdur\.p2\pool\plugins\org.eclipse.m2e.maven.runtime_3.9.900.20240824-1409\jars\wagon-file-3.5.3.jar
2025-12-30 21:11:36,309 [Worker-38: Launching mavenrun-be7d08f5-7f25-4f2c-8e99-5e56e5db4180] INFO  o.eclipse.m2e.core.internal.Bundles - 	Entry: C:\Users\abdur\.p2\pool\plugins\org.eclipse.m2e.maven.runtime_3.9.900.20240824-1409\jars\wagon-http-3.5.3.jar
2025-12-30 21:11:36,309 [Worker-38: Launching mavenrun-be7d08f5-7f25-4f2c-8e99-5e56e5db4180] INFO  o.eclipse.m2e.core.internal.Bundles - 	Entry: C:\Users\abdur\.p2\pool\plugins\org.eclipse.m2e.maven.runtime_3.9.900.20240824-1409\jars\wagon-http-shared-3.5.3.jar
2025-12-30 21:11:36,309 [Worker-38: Launching mavenrun-be7d08f5-7f25-4f2c-8e99-5e56e5db4180] INFO  o.eclipse.m2e.core.internal.Bundles - 	Entry: C:\Users\abdur\.p2\pool\plugins\org.eclipse.m2e.maven.runtime_3.9.900.20240824-1409\jars\wagon-provider-api-3.5.3.jar
2025-12-30 21:11:36,313 [Worker-38: Launching mavenrun-be7d08f5-7f25-4f2c-8e99-5e56e5db4180] INFO  o.eclipse.m2e.core.internal.Bundles - getClasspathEntries(Bundle=com.google.guava_33.3.0.jre [16])
2025-12-30 21:11:36,313 [Worker-38: Launching mavenrun-be7d08f5-7f25-4f2c-8e99-5e56e5db4180] INFO  o.eclipse.m2e.core.internal.Bundles - 	Entry: C:\Users\abdur\.p2\pool\plugins\com.google.guava_33.3.0.jre.jar
2025-12-30 21:11:36,313 [Worker-38: Launching mavenrun-be7d08f5-7f25-4f2c-8e99-5e56e5db4180] INFO  o.eclipse.m2e.core.internal.Bundles - getClasspathEntries(Bundle=slf4j.api_2.0.16 [1007])
2025-12-30 21:11:36,314 [Worker-38: Launching mavenrun-be7d08f5-7f25-4f2c-8e99-5e56e5db4180] INFO  o.eclipse.m2e.core.internal.Bundles - 	Entry: C:\Users\abdur\.p2\pool\plugins\slf4j.api_2.0.16.jar
2025-12-30 21:11:36,314 [Worker-38: Launching mavenrun-be7d08f5-7f25-4f2c-8e99-5e56e5db4180] INFO  o.eclipse.m2e.core.internal.Bundles - getClasspathEntries(Bundle=jakarta.inject.jakarta.inject-api_1.0.5 [34])
2025-12-30 21:11:36,314 [Worker-38: Launching mavenrun-be7d08f5-7f25-4f2c-8e99-5e56e5db4180] INFO  o.eclipse.m2e.core.internal.Bundles - 	Entry: C:\Users\abdur\.p2\pool\plugins\jakarta.inject.jakarta.inject-api_1.0.5.jar
2025-12-30 21:11:36,314 [Worker-38: Launching mavenrun-be7d08f5-7f25-4f2c-8e99-5e56e5db4180] INFO  o.eclipse.m2e.core.internal.Bundles - getClasspathEntries(Bundle=jakarta.annotation-api_1.3.5 [29])
2025-12-30 21:11:36,314 [Worker-38: Launching mavenrun-be7d08f5-7f25-4f2c-8e99-5e56e5db4180] INFO  o.eclipse.m2e.core.internal.Bundles - 	Entry: C:\Users\abdur\.p2\pool\plugins\jakarta.annotation-api_1.3.5.jar
2025-12-30 21:11:36,314 [Worker-38: Launching mavenrun-be7d08f5-7f25-4f2c-8e99-5e56e5db4180] INFO  o.eclipse.m2e.core.internal.Bundles - getClasspathEntries(Bundle=org.apache.commons.cli_1.9.0 [78])
2025-12-30 21:11:36,315 [Worker-38: Launching mavenrun-be7d08f5-7f25-4f2c-8e99-5e56e5db4180] INFO  o.eclipse.m2e.core.internal.Bundles - 	Entry: C:\Users\abdur\.p2\pool\plugins\org.apache.commons.cli_1.9.0.jar
2025-12-30 21:11:36,315 [Worker-38: Launching mavenrun-be7d08f5-7f25-4f2c-8e99-5e56e5db4180] INFO  o.eclipse.m2e.core.internal.Bundles - getClasspathEntries(Bundle=org.apache.commons.commons-codec_1.16.0 [81])
2025-12-30 21:11:36,315 [Worker-38: Launching mavenrun-be7d08f5-7f25-4f2c-8e99-5e56e5db4180] INFO  o.eclipse.m2e.core.internal.Bundles - 	Entry: C:\Users\abdur\.p2\pool\plugins\org.apache.commons.commons-codec_1.16.0.jar
2025-12-30 21:11:36,315 [Worker-38: Launching mavenrun-be7d08f5-7f25-4f2c-8e99-5e56e5db4180] INFO  o.eclipse.m2e.core.internal.Bundles - getClasspathEntries(Bundle=com.google.guava.failureaccess_1.0.2 [17])
2025-12-30 21:11:36,315 [Worker-38: Launching mavenrun-be7d08f5-7f25-4f2c-8e99-5e56e5db4180] INFO  o.eclipse.m2e.core.internal.Bundles - 	Entry: C:\Users\abdur\.p2\pool\plugins\com.google.guava.failureaccess_1.0.2.jar
2025-12-30 21:11:36,322 [Worker-38: Launching mavenrun-be7d08f5-7f25-4f2c-8e99-5e56e5db4180] INFO  o.e.m.i.launch.MavenLaunchDelegate - Run build in "C:\Users\abdur\AppData\Local\Temp\m2e-archetypeGenerator15885863561311893996":
2025-12-30 21:11:36,328 [Worker-38: Launching mavenrun-be7d08f5-7f25-4f2c-8e99-5e56e5db4180] INFO  o.e.m.i.launch.MavenLaunchDelegate -  mvn  -Djavafx-version=13 -Djavafx-maven-plugin-version=0.0.6 -Dadd-debug-configuration=N -DarchetypeGroupId=org.openjfx -DarchetypeArtifactId=javafx-archetype-simple -DarchetypeVersion=0.0.6 -DgroupId=uos -DartifactId=fxapp -Dversion=0.0.1-SNAPSHOT -Dpackage=uos.fxapp -DoutputDirectory="C:\Users\abdur\OneDrive\AI SOFTWARE ENGINEER\Computer Science\Year 2\Design Patters\eclispe workspace\design-patterns-and-javafx" -Dstyle.color=always -U archetype:generate
2025-12-30 21:11:43,086 [Worker-12: Creating javafx-archetype-simple] INFO  o.e.m.c.i.p.ProjectConfigurationManager - Collecting project info '/pom.xml' C:\Users\abdur\OneDrive\AI SOFTWARE ENGINEER\Computer Science\Year 2\Design Patters\eclispe workspace\design-patterns-and-javafx\fxapp\pom.xml
2025-12-30 21:11:43,634 [Worker-12: Creating javafx-archetype-simple] INFO  o.e.m.c.i.l.LifecycleMappingFactory - Using org.eclipse.m2e.jdt.JarLifecycleMapping lifecycle mapping for MavenProject: uos:fxapp:0.0.1-SNAPSHOT @ C:\Users\abdur\OneDrive\AI SOFTWARE ENGINEER\Computer Science\Year 2\Design Patters\eclispe workspace\design-patterns-and-javafx\fxapp\pom.xml.
2025-12-30 21:11:44,199 [Worker-12: Creating javafx-archetype-simple] INFO  o.e.m.j.i.AbstractJavaProjectConfigurator - Adding source folder /fxapp/src/main/java
2025-12-30 21:11:44,203 [Worker-12: Creating javafx-archetype-simple] INFO  o.e.m.j.i.AbstractJavaProjectConfigurator - Adding resource folder /fxapp/src/main/resources
2025-12-30 21:11:44,204 [Worker-12: Creating javafx-archetype-simple] INFO  o.e.m.j.i.AbstractJavaProjectConfigurator - Adding source folder /fxapp/src/test/java
2025-12-30 21:11:44,205 [Worker-12: Creating javafx-archetype-simple] INFO  o.e.m.j.i.AbstractJavaProjectConfigurator - Adding resource folder /fxapp/src/test/resources
2025-12-30 21:11:44,361 [Worker-12: Creating javafx-archetype-simple] INFO  o.e.m.c.i.p.ProjectConfigurationManager - Imported and configured 1 project(s) in 1 sec
2025-12-30 21:11:45,100 [Worker-11: Building] INFO  o.a.m.s.f.DefaultMavenResourcesFiltering - skip non existing resourceDirectory C:\Users\abdur\OneDrive\AI SOFTWARE ENGINEER\Computer Science\Year 2\Design Patters\eclispe workspace\design-patterns-and-javafx\fxapp\src\main\resources
2025-12-30 21:11:45,104 [Worker-11: Building] INFO  o.a.m.s.f.DefaultMavenResourcesFiltering - skip non existing resourceDirectory C:\Users\abdur\OneDrive\AI SOFTWARE ENGINEER\Computer Science\Year 2\Design Patters\eclispe workspace\design-patterns-and-javafx\fxapp\src\test\resources
2025-12-30 21:12:40,713 [Worker-14: Building] INFO  o.e.m.c.i.l.LifecycleMappingFactory - Using org.eclipse.m2e.jdt.JarLifecycleMapping lifecycle mapping for MavenProject: uos:fxapp:0.0.1-SNAPSHOT @ C:\Users\abdur\OneDrive\AI SOFTWARE ENGINEER\Computer Science\Year 2\Design Patters\eclispe workspace\design-patterns-and-javafx\fxapp_workshop3\pom.xml.
2025-12-30 21:12:40,752 [Worker-14: Building] INFO  o.a.m.s.f.DefaultMavenResourcesFiltering - skip non existing resourceDirectory C:\Users\abdur\OneDrive\AI SOFTWARE ENGINEER\Computer Science\Year 2\Design Patters\eclispe workspace\design-patterns-and-javafx\fxapp_workshop3\src\main\resources
2025-12-30 21:12:40,754 [Worker-14: Building] INFO  o.a.m.s.f.DefaultMavenResourcesFiltering - skip non existing resourceDirectory C:\Users\abdur\OneDrive\AI SOFTWARE ENGINEER\Computer Science\Year 2\Design Patters\eclispe workspace\design-patterns-and-javafx\fxapp_workshop3\src\test\resources
2025-12-30 21:12:41,818 [Worker-38: Building] INFO  o.a.m.s.f.DefaultMavenResourcesFiltering - skip non existing resourceDirectory C:\Users\abdur\OneDrive\AI SOFTWARE ENGINEER\Computer Science\Year 2\Design Patters\eclispe workspace\design-patterns-and-javafx\fxapp_workshop3\src\main\resources
2025-12-30 21:12:41,819 [Worker-38: Building] INFO  o.a.m.s.f.DefaultMavenResourcesFiltering - skip non existing resourceDirectory C:\Users\abdur\OneDrive\AI SOFTWARE ENGINEER\Computer Science\Year 2\Design Patters\eclispe workspace\design-patterns-and-javafx\fxapp_workshop3\src\test\resources
